1607777172150	geckodriver	INFO	Listening on 127.0.0.1:48241
1607777172172	mozrunner::runner	INFO	Running command: "/usr/bin/firefox" "--marionette" "-foreground" "-no-remote" "-profile" "/tmp/rust_mozprofileZvLhcD"
1607777173136	addons.webextension.screenshots@mozilla.org	WARN	Loading extension 'screenshots@mozilla.org': Reading manifest: Invalid extension permission: mozillaAddons
1607777173137	addons.webextension.screenshots@mozilla.org	WARN	Loading extension 'screenshots@mozilla.org': Reading manifest: Invalid extension permission: telemetry
1607777173137	addons.webextension.screenshots@mozilla.org	WARN	Loading extension 'screenshots@mozilla.org': Reading manifest: Invalid extension permission: resource://pdf.js/
1607777173137	addons.webextension.screenshots@mozilla.org	WARN	Loading extension 'screenshots@mozilla.org': Reading manifest: Invalid extension permission: about:reader*
1607777176903	Marionette	INFO	Listening on port 34783
1607777176952	Marionette	WARN	TLS certificate errors will be ignored for this session
JavaScript error: https://s.btstatic.com/tag.js#site=eI7jAuz line 43 > Function, line 3: TypeError: bt_data(...).indexOf is not a function
[Parent 27570, Gecko_IOThread] WARNING: pipe error (149): Connection reset by peer: file /build/firefox-oTXxYK/firefox-68.0+build3/ipc/chromium/src/chrome/common/ipc_channel_posix.cc, line 358
1607777216477	geckodriver	INFO	Listening on 127.0.0.1:52689
1607777216481	mozrunner::runner	INFO	Running command: "/usr/bin/firefox" "--marionette" "-foreground" "-no-remote" "-profile" "/tmp/rust_mozprofileYV39hj"
1607777217797	addons.webextension.screenshots@mozilla.org	WARN	Loading extension 'screenshots@mozilla.org': Reading manifest: Invalid extension permission: mozillaAddons
1607777217797	addons.webextension.screenshots@mozilla.org	WARN	Loading extension 'screenshots@mozilla.org': Reading manifest: Invalid extension permission: telemetry
1607777217797	addons.webextension.screenshots@mozilla.org	WARN	Loading extension 'screenshots@mozilla.org': Reading manifest: Invalid extension permission: resource://pdf.js/
1607777217797	addons.webextension.screenshots@mozilla.org	WARN	Loading extension 'screenshots@mozilla.org': Reading manifest: Invalid extension permission: about:reader*
console.error: (new Error("SessionFile is closed", "resource:///modules/sessionstore/SessionFile.jsm", 374))
1607777225096	Marionette	INFO	Listening on port 43979
1607777225128	Marionette	WARN	TLS certificate errors will be ignored for this session
JavaScript error: https://s.btstatic.com/tag.js#site=eI7jAuz line 43 > Function, line 3: TypeError: bt_data(...).indexOf is not a function
1607777251188	Marionette	INFO	Stopped listening on port 34783
console.error: BroadcastService: 
  receivedBroadcastMessage: handler for
  remote-settings/monitor_changes
  threw error:
  Message: Error: Polling for changes failed: http://%(server)s/dummy/blocklist//buckets/monitor/collections/changes/records?_expected=%221607759852380%22 is not a valid URL..
  Stack:
    remoteSettingsFunction/remoteSettings.pollChanges@resource://services-settings/remote-settings.js:201:13

JavaScript warning: resource:///modules/UrlbarView.jsm, line 123: Array.reduce is deprecated; use Array.prototype.reduce instead
JavaScript error: https://cdn.livechatinc.com/tracking.js, line 1: Error: License expired

###!!! [Child][MessageChannel] Error: (msgtype=0x530005,name=PHttpChannel::Msg_Cancel) Closed channel: cannot send/recv

1607777418318	geckodriver	INFO	Listening on 127.0.0.1:42131
1607777418323	mozrunner::runner	INFO	Running command: "/usr/bin/firefox" "--marionette" "-foreground" "-no-remote" "-profile" "/tmp/rust_mozprofilehA51OM"
1607777419010	addons.webextension.screenshots@mozilla.org	WARN	Loading extension 'screenshots@mozilla.org': Reading manifest: Invalid extension permission: mozillaAddons
1607777419010	addons.webextension.screenshots@mozilla.org	WARN	Loading extension 'screenshots@mozilla.org': Reading manifest: Invalid extension permission: telemetry
1607777419011	addons.webextension.screenshots@mozilla.org	WARN	Loading extension 'screenshots@mozilla.org': Reading manifest: Invalid extension permission: resource://pdf.js/
1607777419011	addons.webextension.screenshots@mozilla.org	WARN	Loading extension 'screenshots@mozilla.org': Reading manifest: Invalid extension permission: about:reader*
1607777422561	Marionette	INFO	Listening on port 41131
1607777422637	Marionette	WARN	TLS certificate errors will be ignored for this session
JavaScript error: https://s.btstatic.com/tag.js#site=eI7jAuz line 43 > Function, line 3: TypeError: bt_data(...).indexOf is not a function
JavaScript error: https://www.gstatic.com/firebasejs/7.23.0/firebase-performance-standalone.js, line 1: NotFoundError: The operation failed because the requested database object could not be found. For example, an object store did not exist but was being opened.
console.error: BroadcastService: 
  receivedBroadcastMessage: handler for
  remote-settings/monitor_changes
  threw error:
  Message: Error: Polling for changes failed: http://%(server)s/dummy/blocklist//buckets/monitor/collections/changes/records?_expected=%221607759852380%22 is not a valid URL..
  Stack:
    remoteSettingsFunction/remoteSettings.pollChanges@resource://services-settings/remote-settings.js:201:13

JavaScript error: https://www.gstatic.com/firebasejs/7.23.0/firebase-performance-standalone.js, line 1: NotFoundError: The operation failed because the requested database object could not be found. For example, an object store did not exist but was being opened.
JavaScript error: https://www.gstatic.com/firebasejs/7.23.0/firebase-performance-standalone.js, line 1: NotFoundError: The operation failed because the requested database object could not be found. For example, an object store did not exist but was being opened.
1607777471477	Marionette	INFO	Stopped listening on port 41131
JavaScript error: , line 0: uncaught exception: undefined
[Parent 27817, Gecko_IOThread] WARNING: pipe error (93): Connection reset by peer: file /build/firefox-oTXxYK/firefox-68.0+build3/ipc/chromium/src/chrome/common/ipc_channel_posix.cc, line 358
1607796928325	Marionette	INFO	Stopped listening on port 43979
1607796952195	geckodriver	INFO	Listening on 127.0.0.1:41145
1607796952200	mozrunner::runner	INFO	Running command: "/usr/bin/firefox" "--marionette" "-foreground" "-no-remote" "-profile" "/tmp/rust_mozprofileDixgok"
1607796953565	addons.webextension.screenshots@mozilla.org	WARN	Loading extension 'screenshots@mozilla.org': Reading manifest: Invalid extension permission: mozillaAddons
1607796953565	addons.webextension.screenshots@mozilla.org	WARN	Loading extension 'screenshots@mozilla.org': Reading manifest: Invalid extension permission: telemetry
1607796953566	addons.webextension.screenshots@mozilla.org	WARN	Loading extension 'screenshots@mozilla.org': Reading manifest: Invalid extension permission: resource://pdf.js/
1607796953566	addons.webextension.screenshots@mozilla.org	WARN	Loading extension 'screenshots@mozilla.org': Reading manifest: Invalid extension permission: about:reader*
1607796963831	Marionette	INFO	Listening on port 42481
1607796963845	Marionette	WARN	TLS certificate errors will be ignored for this session
JavaScript error: https://s.btstatic.com/tag.js#site=eI7jAuz line 43 > Function, line 3: TypeError: bt_data(...).indexOf is not a function
JavaScript error: https://groceries.asda.com/browse_app_assets/js/bundle.app.80fc7e404dc7cb28bd8e.js, line 1: Error: The operation was aborted. 
JavaScript error: https://groceries.asda.com/browse_app_assets/js/bundle.app.80fc7e404dc7cb28bd8e.js, line 1: Error: The operation was aborted. 
JavaScript error: https://groceries.asda.com/browse_app_assets/js/bundle.app.80fc7e404dc7cb28bd8e.js, line 1: Error: The operation was aborted. 
JavaScript error: https://groceries.asda.com/browse_app_assets/js/bundle.app.80fc7e404dc7cb28bd8e.js, line 1: Error: The operation was aborted. 
JavaScript error: https://groceries.asda.com/browse_app_assets/js/bundle.app.80fc7e404dc7cb28bd8e.js, line 1: Error: The operation was aborted. 
[Parent 29181, Gecko_IOThread] WARNING: pipe error (94): Connection reset by peer: file /build/firefox-oTXxYK/firefox-68.0+build3/ipc/chromium/src/chrome/common/ipc_channel_posix.cc, line 358
[Parent 29181, Gecko_IOThread] WARNING: pipe error (62): Connection reset by peer: file /build/firefox-oTXxYK/firefox-68.0+build3/ipc/chromium/src/chrome/common/ipc_channel_posix.cc, line 358
1607797280077	Marionette	INFO	Stopped listening on port 42481
1607812569280	geckodriver	INFO	Listening on 127.0.0.1:43669
1607812569284	mozrunner::runner	INFO	Running command: "/usr/bin/firefox" "--marionette" "-foreground" "-no-remote" "-profile" "/tmp/rust_mozprofilenJGpmF"
1607812570475	addons.webextension.screenshots@mozilla.org	WARN	Loading extension 'screenshots@mozilla.org': Reading manifest: Invalid extension permission: mozillaAddons
1607812570476	addons.webextension.screenshots@mozilla.org	WARN	Loading extension 'screenshots@mozilla.org': Reading manifest: Invalid extension permission: telemetry
1607812570476	addons.webextension.screenshots@mozilla.org	WARN	Loading extension 'screenshots@mozilla.org': Reading manifest: Invalid extension permission: resource://pdf.js/
1607812570476	addons.webextension.screenshots@mozilla.org	WARN	Loading extension 'screenshots@mozilla.org': Reading manifest: Invalid extension permission: about:reader*
1607812575512	Marionette	INFO	Listening on port 42509
1607812575607	Marionette	WARN	TLS certificate errors will be ignored for this session
console.error: BroadcastService: 
  receivedBroadcastMessage: handler for
  remote-settings/monitor_changes
  threw error:
  Message: Error: Polling for changes failed: http://%(server)s/dummy/blocklist//buckets/monitor/collections/changes/records?_expected=%221607803072892%22 is not a valid URL..
  Stack:
    remoteSettingsFunction/remoteSettings.pollChanges@resource://services-settings/remote-settings.js:201:13

console.warn: LoginRecipes: "getRecipes: falling back to a synchronous message for:" "https://accounts.ocado.com"
console.warn: nsLoginManager: "searchLogins: `formSubmitURL` or `httpRealm` is recommended"
console.warn: LoginRecipes: "getRecipes: falling back to a synchronous message for:" "https://accounts.ocado.com"
console.warn: nsLoginManager: "searchLogins: `formSubmitURL` or `httpRealm` is recommended"
console.warn: "Error while detaching the thread front: 'detach' request packet to 'server1.conn0.child1/context18' can't be sent as the connection is closed."
JavaScript error: https://www.ocado.com/webshop/startWebshop.do, line 1: SyntaxError: nothing to repeat

(/usr/lib/firefox/firefox:31444): dconf-WARNING **: 01:42:37.755: Unable to open /var/lib/snapd/desktop/dconf/profile/user: Permission denied
console.warn: LoginRecipes: "getRecipes: falling back to a synchronous message for:" "https://www.ocado.com"
console.error: "Error while calling actor 'layout's method 'getGrids'" "node is null"
console.error: "getGrids@resource://devtools/server/actors/layout.js:443:26\ngetGrids@resource://devtools/server/actors/layout.js:448:43\nhandler@resource://devtools/shared/protocol.js:1189:37\nonPacket@resource://devtools/server/main.js:1291:58\nreceiveMessage@resource://devtools/shared/transport/child-transport.js:66:16\n"
console.warn: "Error while detaching the thread front: 'detach' request packet to 'server1.conn1.child1/context18' can't be sent as the connection is closed."
console.warn: "Error while detaching the thread front: 'detach' request packet to 'server1.conn2.child1/context18' can't be sent as the connection is closed."
1607946492030	Marionette	INFO	Stopped listening on port 42509
